e:\education\kursovoiproject\kav-2021\kav-2021ans\debug\vc143.pdb
e:\education\kursovoiproject\kav-2021\kav-2021ans\debug\vc143.idb
e:\education\kursovoiproject\kav-2021\kav-2021ans\debug\semantic.obj
e:\education\kursovoiproject\kav-2021\kav-2021ans\debug\parm.obj
e:\education\kursovoiproject\kav-2021\kav-2021ans\debug\out.obj
e:\education\kursovoiproject\kav-2021\kav-2021ans\debug\notaciapolska.obj
e:\education\kursovoiproject\kav-2021\kav-2021ans\debug\mfst.obj
e:\education\kursovoiproject\kav-2021\kav-2021ans\debug\lt.obj
e:\education\kursovoiproject\kav-2021\kav-2021ans\debug\log.obj
e:\education\kursovoiproject\kav-2021\kav-2021ans\debug\it.obj
e:\education\kursovoiproject\kav-2021\kav-2021ans\debug\in.obj
e:\education\kursovoiproject\kav-2021\kav-2021ans\debug\kav-2021.obj
e:\education\kursovoiproject\kav-2021\kav-2021ans\debug\grb.obj
e:\education\kursovoiproject\kav-2021\kav-2021ans\debug\fst.obj
e:\education\kursovoiproject\kav-2021\kav-2021ans\debug\error.obj
e:\education\kursovoiproject\kav-2021\kav-2021ans\debug\codegeneration.obj
e:\education\kursovoiproject\kav-2021\debug\kav-2021ans.exe
e:\education\kursovoiproject\kav-2021\kav-2021ans\debug\kav-2021ans.ilk
e:\education\kursovoiproject\kav-2021\debug\kav-2021ans.pdb
e:\education\kursovoiproject\kav-2021\kav-2021ans\debug\kav-2021ans.tlog\cl.command.1.tlog
e:\education\kursovoiproject\kav-2021\kav-2021ans\debug\kav-2021ans.tlog\cl.read.1.tlog
e:\education\kursovoiproject\kav-2021\kav-2021ans\debug\kav-2021ans.tlog\cl.write.1.tlog
e:\education\kursovoiproject\kav-2021\kav-2021ans\debug\kav-2021ans.tlog\link.command.1.tlog
e:\education\kursovoiproject\kav-2021\kav-2021ans\debug\kav-2021ans.tlog\link.read.1.tlog
e:\education\kursovoiproject\kav-2021\kav-2021ans\debug\kav-2021ans.tlog\link.write.1.tlog
